C51 COMPILER V9.60.7.0   MAIN                                                              08/29/2024 12:38:17 PAGE 1   


C51 COMPILER V9.60.7.0, COMPILATION OF MODULE MAIN
OBJECT MODULE PLACED IN .\Objects\main.obj
COMPILER INVOKED BY: C:\Keil_v5\C51\BIN\C51.EXE main.c OPTIMIZE(8,SPEED) BROWSE DEBUG OBJECTEXTEND PRINT(.\Listings\main
                    -.lst) TABS(2) OBJECT(.\Objects\main.obj)

line level    source

   1          #include <REGX52.H>
   2          #include "..\lib\delay.h"
   3          #include "..\lib\74595.h"
   4          
   5          void main(){
   6   1        unsigned char buffer[3], i;
   7   1        while(1){
   8   2          for(i=0;i<3;i++){
   9   3            buffer[i] = 0;
  10   3          }
  11   2          ic74595Out(buffer,3);
  12   2          delay_ms(500);
  13   2          for(i=0;i<3;i++){
  14   3            buffer[i] = 0xFF;
  15   3          }
  16   2          ic74595Out(buffer,3);
  17   2          delay_ms(500);
  18   2        }
  19   1      }


MODULE INFORMATION:   STATIC OVERLAYABLE
   CODE SIZE        =     63    ----
   CONSTANT SIZE    =   ----    ----
   XDATA SIZE       =   ----    ----
   PDATA SIZE       =   ----    ----
   DATA SIZE        =   ----       3
   IDATA SIZE       =   ----    ----
   BIT SIZE         =   ----    ----
END OF MODULE INFORMATION.


C51 COMPILATION COMPLETE.  0 WARNING(S),  0 ERROR(S)
