C51 COMPILER V9.60.7.0   MAIN                                                              08/26/2024 21:16:46 PAGE 1   


C51 COMPILER V9.60.7.0, COMPILATION OF MODULE MAIN
OBJECT MODULE PLACED IN .\Objects\main.obj
COMPILER INVOKED BY: C:\Keil_v5\C51\BIN\C51.EXE main.c OPTIMIZE(8,SPEED) BROWSE DEBUG OBJECTEXTEND PRINT(.\Listings\main
                    -.lst) TABS(2) OBJECT(.\Objects\main.obj)

line level    source

   1          #include<REGX52.H>
   2          
   3          sbit ledPin0 = P0^0;
   4          sbit ledPin1 = P0^1;
   5          sbit ledPin2 = P0^2;
   6          sbit ledPin3 = P0^3;
   7          sbit ledPin4 = P0^4;
   8          sbit ledPin5 = P0^5;
   9          sbit ledPin6 = P0^6;
  10          sbit ledPin7 = P0^7;
  11          
  12          void delay_ms(unsigned int t){
  13   1        unsigned int x, y;
  14   1        for(x=0;x<t;x++){
  15   2          for(y=0;y<123;y++);
  16   2        }
  17   1      }
  18          
  19          void main(){
  20   1        while(1){
  21   2          ledPin0 = 1;
  22   2          delay_ms(500);
  23   2          ledPin1 = 1;
  24   2          delay_ms(500);
  25   2          ledPin2 = 1;
  26   2          delay_ms(500);
  27   2          ledPin3 = 1;
  28   2          delay_ms(500);
  29   2          ledPin4 = 1;
  30   2          delay_ms(500);
  31   2          ledPin5 = 1;
  32   2          delay_ms(500);
  33   2          ledPin6 = 1;
  34   2          delay_ms(500);
  35   2          ledPin7 = 1;
  36   2          delay_ms(500);
  37   2          ledPin0 = 0;
  38   2          delay_ms(500);
  39   2          ledPin1 = 0;
  40   2          delay_ms(500);
  41   2          ledPin2 = 0;
  42   2          delay_ms(500);
  43   2          ledPin3 = 0;
  44   2          delay_ms(500);
  45   2          ledPin4 = 0;
  46   2          delay_ms(500);
  47   2          ledPin5 = 0;
  48   2          delay_ms(500);
  49   2          ledPin6 = 0;
  50   2          delay_ms(500);
  51   2          ledPin7 = 0;
  52   2          delay_ms(500);
  53   2        }
  54   1      }
C51 COMPILER V9.60.7.0   MAIN                                                              08/26/2024 21:16:46 PAGE 2   



MODULE INFORMATION:   STATIC OVERLAYABLE
   CODE SIZE        =    118    ----
   CONSTANT SIZE    =   ----    ----
   XDATA SIZE       =   ----    ----
   PDATA SIZE       =   ----    ----
   DATA SIZE        =   ----    ----
   IDATA SIZE       =   ----    ----
   BIT SIZE         =   ----    ----
END OF MODULE INFORMATION.


C51 COMPILATION COMPLETE.  0 WARNING(S),  0 ERROR(S)
