C51 COMPILER V9.60.7.0   MAIN                                                              08/27/2024 15:43:27 PAGE 1   


C51 COMPILER V9.60.7.0, COMPILATION OF MODULE MAIN
OBJECT MODULE PLACED IN .\Objects\main.obj
COMPILER INVOKED BY: C:\Keil_v5\C51\BIN\C51.EXE main.c OPTIMIZE(8,SPEED) BROWSE DEBUG OBJECTEXTEND PRINT(.\Listings\main
                    -.lst) TABS(2) OBJECT(.\Objects\main.obj)

line level    source

   1          #include <REGX52.H>
   2          #include "..\lib\delay.h"
   3          
   4          sbit btn = P1^0;
   5          #define led P2
   6          
   7          bit pressedFlag=0;
   8          
   9          unsigned char delay1sAndCheckFlag(){
  10   1        unsigned char i;
  11   1        for(i=0;i<100;i++){
  12   2          delay_ms(10);
  13   2          if(btn==0){
  14   3            if(pressedFlag==0){
  15   4              pressedFlag = 1;
  16   4              return 1;
  17   4            }
  18   3          }
  19   2          else {
  20   3            pressedFlag = 0;
  21   3          }
  22   2        }
  23   1        return 0;
  24   1      }
  25          
  26          void main(){
  27   1        unsigned char i;
  28   1        while(1){
  29   2          led = 0x00;
  30   2          for(i=0;i<20;i++){
  31   3            if(delay1sAndCheckFlag()) break;
  32   3            led = ~led;
  33   3          }
  34   2          led = 0x0F;
  35   2          for(i=0;i<20;i++){
  36   3            if(delay1sAndCheckFlag()) break;
  37   3            led = ~led;
  38   3          }
  39   2          led = 0x55;
  40   2          for(i=0;i<20;i++){
  41   3            if(delay1sAndCheckFlag()) break;
  42   3            led = ~led;
  43   3          }
  44   2        }
  45   1      }


MODULE INFORMATION:   STATIC OVERLAYABLE
   CODE SIZE        =    108    ----
   CONSTANT SIZE    =   ----    ----
   XDATA SIZE       =   ----    ----
   PDATA SIZE       =   ----    ----
   DATA SIZE        =   ----       2
   IDATA SIZE       =   ----    ----
C51 COMPILER V9.60.7.0   MAIN                                                              08/27/2024 15:43:27 PAGE 2   

   BIT SIZE         =      1    ----
END OF MODULE INFORMATION.


C51 COMPILATION COMPLETE.  0 WARNING(S),  0 ERROR(S)
