C51 COMPILER V9.60.7.0   MAIN                                                              08/27/2024 19:48:29 PAGE 1   


C51 COMPILER V9.60.7.0, COMPILATION OF MODULE MAIN
OBJECT MODULE PLACED IN .\Objects\main.obj
COMPILER INVOKED BY: C:\Keil_v5\C51\BIN\C51.EXE main.c OPTIMIZE(8,SPEED) BROWSE DEBUG OBJECTEXTEND PRINT(.\Listings\main
                    -.lst) TABS(2) OBJECT(.\Objects\main.obj)

line level    source

   1          #include <REGX52.H>
   2          #include "..\lib\delay.h"
   3          
   4          unsigned char code Code7Seg[] = {0xC0, 0xF9, 0xA4, 0xB0, 0x99, 0x92, 0x82, 0xF8, 0x80, 0x90};
   5          
   6          #define ledPort P2
   7          sbit ledH1 = P3^0; //led display hour ten-unit
   8          sbit ledH2 = P3^1; //led display hour unit
   9          sbit ledM1 = P3^2; //led display minute ten-unit
  10          sbit ledM2 = P3^3; //led display minute unit
  11          sbit ledS1 = P3^4; //led display second ten-unit
  12          sbit ledS2 = P3^5; //led display second unit
  13          
  14          void main(){
  15   1        unsigned char hour, min, sec;
  16   1        unsigned char tenUnit, unit;
  17   1        unsigned int i;
  18   1        hour = min = sec = 0;
  19   1        while(1){
  20   2          for(i=0;i<166;i++){ //6x166 same 1000ms = 1s
  21   3            //display hour
  22   3            tenUnit = hour/10;
  23   3            unit = hour%10;
  24   3            ledPort = Code7Seg[tenUnit];
  25   3            ledH1 = 0;
  26   3            delay_ms(1);
  27   3            ledH1 = 1;
  28   3            ledPort = Code7Seg[unit];
  29   3            ledH2 = 0;
  30   3            delay_ms(1);
  31   3            ledH2 = 1;
  32   3            //display min
  33   3            tenUnit = min/10;
  34   3            unit = min%10;
  35   3            ledPort = Code7Seg[tenUnit];
  36   3            ledM1 = 0;
  37   3            delay_ms(1);
  38   3            ledM1 = 1;
  39   3            ledPort = Code7Seg[unit];
  40   3            ledM2 = 0;
  41   3            delay_ms(1);
  42   3            ledM2 = 1;
  43   3            //display sec
  44   3            tenUnit = sec/10;
  45   3            unit = sec%10;
  46   3            ledPort = Code7Seg[tenUnit];
  47   3            ledS1 = 0;
  48   3            delay_ms(1);
  49   3            ledS1 = 1;
  50   3            ledPort = Code7Seg[unit];
  51   3            ledS2 = 0;
  52   3            delay_ms(1);
  53   3            ledS2 = 1;
  54   3          }
C51 COMPILER V9.60.7.0   MAIN                                                              08/27/2024 19:48:29 PAGE 2   

  55   2          //logic process count clock
  56   2          sec++;
  57   2          if(sec==60){
  58   3            sec=0;
  59   3            min++;
  60   3            if(min==60){
  61   4              min=0;
  62   4              hour++;
  63   4              if(hour==24){
  64   5                hour=0;
  65   5              }
  66   4            }
  67   3          }
  68   2        }
  69   1      }


MODULE INFORMATION:   STATIC OVERLAYABLE
   CODE SIZE        =    239    ----
   CONSTANT SIZE    =     10    ----
   XDATA SIZE       =   ----    ----
   PDATA SIZE       =   ----    ----
   DATA SIZE        =   ----       7
   IDATA SIZE       =   ----    ----
   BIT SIZE         =   ----    ----
END OF MODULE INFORMATION.


C51 COMPILATION COMPLETE.  0 WARNING(S),  0 ERROR(S)
