C51 COMPILER V9.60.7.0   MAIN                                                              08/27/2024 18:48:04 PAGE 1   


C51 COMPILER V9.60.7.0, COMPILATION OF MODULE MAIN
OBJECT MODULE PLACED IN .\Objects\main.obj
COMPILER INVOKED BY: C:\Keil_v5\C51\BIN\C51.EXE main.c OPTIMIZE(8,SPEED) BROWSE DEBUG OBJECTEXTEND PRINT(.\Listings\main
                    -.lst) TABS(2) OBJECT(.\Objects\main.obj)

line level    source

   1          #include <REGX52.H>
   2          #include "..\lib\delay.h"
   3          
   4          unsigned char code Code7Seg[] = {0xC0, 0xF9, 0xA4, 0xB0, 0x99, 0x92, 0x82, 0xF8, 0x80, 0x90};
   5          
   6          sbit led1 = P3^0;
   7          sbit led2 = P3^1;
   8          #define ledPort P2
   9          
  10          void main(){
  11   1        unsigned char count;
  12   1        unsigned char tenUnit, unit;
  13   1        unsigned int i;
  14   1        while(1){
  15   2          for(count=0;count<100;count++){
  16   3            tenUnit = count/10;
  17   3            unit = count%10;
  18   3            for(i=0;i<250;i++){ //250x2ms=500ms=0.5s per times count
  19   4              //tenUnit
  20   4              ledPort = Code7Seg[tenUnit];
  21   4              led1 = 0;
  22   4              delay_ms(1); //1ms
  23   4              led1 = 1;
  24   4              //Unit
  25   4              ledPort = Code7Seg[unit];
  26   4              led2 = 0;
  27   4              delay_ms(1); //1ms
  28   4              led2 = 1;
  29   4              //total 2ms
  30   4            }
  31   3          }
  32   2        }
  33   1      }


MODULE INFORMATION:   STATIC OVERLAYABLE
   CODE SIZE        =     91    ----
   CONSTANT SIZE    =     10    ----
   XDATA SIZE       =   ----    ----
   PDATA SIZE       =   ----    ----
   DATA SIZE        =   ----       5
   IDATA SIZE       =   ----    ----
   BIT SIZE         =   ----    ----
END OF MODULE INFORMATION.


C51 COMPILATION COMPLETE.  0 WARNING(S),  0 ERROR(S)
