C51 COMPILER V9.60.7.0   MAIN                                                              09/02/2024 18:14:19 PAGE 1   


C51 COMPILER V9.60.7.0, COMPILATION OF MODULE MAIN
OBJECT MODULE PLACED IN .\Objects\main.obj
COMPILER INVOKED BY: C:\Keil_v5\C51\BIN\C51.EXE main.c OPTIMIZE(8,SPEED) BROWSE DEBUG OBJECTEXTEND PRINT(.\Listings\main
                    -.lst) TABS(2) OBJECT(.\Objects\main.obj)

line level    source

   1          #include <REGX52.H>
   2          #include "..\lib\delay.h"
   3          
   4          #define ledPort P2
   5          sbit btn = P1^0;
   6          
   7          void main(){
   8   1        unsigned char i;
   9   1        ledPort = 0;
  10   1        while(1){
  11   2          if(btn==0){
  12   3            delay_ms(20);
  13   3            if(btn==0){
  14   4              for(i=0;i<8;i++){
  15   5                ledPort = 1<<i;
  16   5                delay_ms(1000);
  17   5              }
  18   4              ledPort = 0;
  19   4              while(btn==0);
  20   4            }
  21   3          }
  22   2        }
  23   1      }


MODULE INFORMATION:   STATIC OVERLAYABLE
   CODE SIZE        =     58    ----
   CONSTANT SIZE    =   ----    ----
   XDATA SIZE       =   ----    ----
   PDATA SIZE       =   ----    ----
   DATA SIZE        =   ----       1
   IDATA SIZE       =   ----    ----
   BIT SIZE         =   ----    ----
END OF MODULE INFORMATION.


C51 COMPILATION COMPLETE.  0 WARNING(S),  0 ERROR(S)
