C51 COMPILER V9.60.7.0   MAIN                                                              08/28/2024 19:39:38 PAGE 1   


C51 COMPILER V9.60.7.0, COMPILATION OF MODULE MAIN
OBJECT MODULE PLACED IN .\Objects\main.obj
COMPILER INVOKED BY: C:\Keil_v5\C51\BIN\C51.EXE main.c OPTIMIZE(8,SPEED) BROWSE DEBUG OBJECTEXTEND PRINT(.\Listings\main
                    -.lst) TABS(2) OBJECT(.\Objects\main.obj)

line level    source

   1          #include <REGX52.H>
   2          #include "..\lib\delay.h"
   3          
   4          unsigned char code Code7Seg[] = {0xC0, 0xF9, 0xA4, 0xB0, 0x99, 0x92, 0x82, 0xF8, 0x80, 0x90};
   5          
   6          #define ledPort P2
   7          sbit led1 = P3^0;
   8          sbit led2 = P3^1;
   9          
  10          sbit col1 = P1^0;
  11          sbit col2 = P1^1;
  12          sbit col3 = P1^2;
  13          sbit col4 = P1^3;
  14          
  15          sbit row1 = P1^4;
  16          sbit row2 = P1^5;
  17          sbit row3 = P1^6;
  18          sbit row4 = P1^7;
  19          
  20          unsigned char keyPress(){
  21   1        unsigned char key = 0;
  22   1        
  23   1        col1 = 0;
  24   1        if(row1==0) key = 1;
  25   1        if(row2==0) key = 2;
  26   1        if(row3==0) key = 3;
  27   1        if(row4==0) key = 4;
  28   1        col1 = 1;
  29   1        
  30   1        col2 = 0;
  31   1        if(row1==0) key = 5;
  32   1        if(row2==0) key = 6;
  33   1        if(row3==0) key = 7;
  34   1        if(row4==0) key = 8;
  35   1        col2 = 1;
  36   1        
  37   1        col3 = 0;
  38   1        if(row1==0) key = 9;
  39   1        if(row2==0) key = 10;
  40   1        if(row3==0) key = 11;
  41   1        if(row4==0) key = 12;
  42   1        col3 = 1;
  43   1        
  44   1        col4 = 0;
  45   1        if(row1==0) key = 13;
  46   1        if(row2==0) key = 14;
  47   1        if(row3==0) key = 15;
  48   1        if(row4==0) key = 16;
  49   1        col4 = 1;
  50   1        
  51   1        return key;
  52   1      }
  53          
  54          void main(){
C51 COMPILER V9.60.7.0   MAIN                                                              08/28/2024 19:39:38 PAGE 2   

  55   1        unsigned char key, tmp;
  56   1        while(1){
  57   2          key = keyPress();
  58   2          if(key!=0){
  59   3            tmp = key;
  60   3          }
  61   2          
  62   2          ledPort = Code7Seg[tmp/10];
  63   2          led1 = 0;
  64   2          delay_ms(1);
  65   2          led1 = 1;
  66   2          
  67   2          ledPort = Code7Seg[tmp%10];
  68   2          led2 = 0;
  69   2          delay_ms(1);
  70   2          led2 = 1;
  71   2        }
  72   1      }


MODULE INFORMATION:   STATIC OVERLAYABLE
   CODE SIZE        =    156    ----
   CONSTANT SIZE    =     10    ----
   XDATA SIZE       =   ----    ----
   PDATA SIZE       =   ----    ----
   DATA SIZE        =   ----       1
   IDATA SIZE       =   ----    ----
   BIT SIZE         =   ----    ----
END OF MODULE INFORMATION.


C51 COMPILATION COMPLETE.  0 WARNING(S),  0 ERROR(S)
