C51 COMPILER V9.60.7.0   MAIN                                                              08/26/2024 22:17:37 PAGE 1   


C51 COMPILER V9.60.7.0, COMPILATION OF MODULE MAIN
OBJECT MODULE PLACED IN .\Objects\main.obj
COMPILER INVOKED BY: C:\Keil_v5\C51\BIN\C51.EXE main.c OPTIMIZE(8,SPEED) BROWSE DEBUG OBJECTEXTEND PRINT(.\Listings\main
                    -.lst) TABS(2) OBJECT(.\Objects\main.obj)

line level    source

   1          #include<REGX52.H>
   2          
   3          void delay_ms(unsigned int t){
   4   1        unsigned int x, y;
   5   1        for(x=0;x<t;x++){
   6   2          for(y=0;y<123;y++);
   7   2        }
   8   1      }
   9          
  10          void main(){
  11   1        int i;
  12   1        while(1){
  13   2          P0 = 0x01;
  14   2          for(i=0;i<8;i++){
  15   3            delay_ms(500);
  16   3            P0 <<= 1;
  17   3          }
  18   2        }
  19   1      }


MODULE INFORMATION:   STATIC OVERLAYABLE
   CODE SIZE        =     62    ----
   CONSTANT SIZE    =   ----    ----
   XDATA SIZE       =   ----    ----
   PDATA SIZE       =   ----    ----
   DATA SIZE        =   ----    ----
   IDATA SIZE       =   ----    ----
   BIT SIZE         =   ----    ----
END OF MODULE INFORMATION.


C51 COMPILATION COMPLETE.  0 WARNING(S),  0 ERROR(S)
