C51 COMPILER V9.60.7.0   MAIN                                                              09/02/2024 16:29:23 PAGE 1   


C51 COMPILER V9.60.7.0, COMPILATION OF MODULE MAIN
OBJECT MODULE PLACED IN .\Objects\main.obj
COMPILER INVOKED BY: C:\Keil_v5\C51\BIN\C51.EXE main.c OPTIMIZE(8,SPEED) BROWSE DEBUG OBJECTEXTEND PRINT(.\Listings\main
                    -.lst) TABS(2) OBJECT(.\Objects\main.obj)

line level    source

   1          #include <REGX52.H>
   2          #include "..\lib\delay.h"
   3          
   4          sbit led = P2^0;
   5          sbit btnOn = P1^0;
   6          sbit btnOff = P1^4;
   7          
   8          void main(){
   9   1        led = 0;
  10   1        while(1){
  11   2          if(btnOn==0){              
  12   3            delay_ms(20);          
  13   3            if(btnOn==0){           
  14   4              led = 1;      
  15   4              while(btnOn==0);    
  16   4            }
  17   3          }
  18   2          if(btnOff==0){               
  19   3            delay_ms(20);        
  20   3            if(btnOff==0){        
  21   4              led = 0;        
  22   4              while(btnOff==0);  
  23   4            }
  24   3          }
  25   2        }
  26   1      }


MODULE INFORMATION:   STATIC OVERLAYABLE
   CODE SIZE        =     40    ----
   CONSTANT SIZE    =   ----    ----
   XDATA SIZE       =   ----    ----
   PDATA SIZE       =   ----    ----
   DATA SIZE        =   ----    ----
   IDATA SIZE       =   ----    ----
   BIT SIZE         =   ----    ----
END OF MODULE INFORMATION.


C51 COMPILATION COMPLETE.  0 WARNING(S),  0 ERROR(S)
