C51 COMPILER V9.60.7.0   MAIN                                                              09/09/2024 21:38:30 PAGE 1   


C51 COMPILER V9.60.7.0, COMPILATION OF MODULE MAIN
OBJECT MODULE PLACED IN .\Objects\main.obj
COMPILER INVOKED BY: C:\Keil_v5\C51\BIN\C51.EXE main.c OPTIMIZE(8,SPEED) BROWSE DEBUG OBJECTEXTEND PRINT(.\Listings\main
                    -.lst) TABS(2) OBJECT(.\Objects\main.obj)

line level    source

   1          #include <REGX52.H>
   2          #include "..\lib\delay.h"
   3          
   4          void main(){
   5   1        int i;
   6   1        while(1){
   7   2          //scan column form right to left
   8   2          /*for(i=0;i<8;i++){
   9   2            P3 = 1<<i;
  10   2            P0 = 0;
  11   2            delay_ms(300);
  12   2          }*/
  13   2          //scan column form left to right
  14   2          /*for(i=0;i<8;i++){
  15   2            P3 = 0x80>>i; //0x80 = 0b10000000
  16   2            P0 = 0;
  17   2            delay_ms(300);
  18   2          }*/
  19   2          //scan row form top to bottom
  20   2          /*for(i=0;i<8;i++){
  21   2            P3 = 0xFF; //0xFF = 0b11111111
  22   2            P0 = ~(0x80>>i);
  23   2            delay_ms(300);
  24   2          }*/
  25   2          //scan row form bottom to top
  26   2          /*for(i=0;i<8;i++){
  27   2            P3 = 0xFF; //0xFF = 0b11111111
  28   2            P0 = ~(1<<i);
  29   2            delay_ms(300);
  30   2          }*/
  31   2          //reverse of scanning row form bottom to top
  32   2          /*for(i=0;i<8;i++){
  33   2            P3 = 0xFF; //0xFF = 0b11111111
  34   2            P0 = 1<<i;
  35   2            delay_ms(300);
  36   2          }*/
  37   2          //same with another reverse
  38   2          //scan per led
  39   2          int j;
  40   2          for(j=0;j<8;j++){
  41   3            for(i=0;i<8;i++){
  42   4              P3 = 0x80>>i;
  43   4              P0 = ~(1<<j);
  44   4              delay_ms(300);
  45   4            }
  46   3          }
  47   2        }
  48   1      }


MODULE INFORMATION:   STATIC OVERLAYABLE
   CODE SIZE        =     88    ----
   CONSTANT SIZE    =   ----    ----
   XDATA SIZE       =   ----    ----
C51 COMPILER V9.60.7.0   MAIN                                                              09/09/2024 21:38:30 PAGE 2   

   PDATA SIZE       =   ----    ----
   DATA SIZE        =   ----       4
   IDATA SIZE       =   ----    ----
   BIT SIZE         =   ----    ----
END OF MODULE INFORMATION.


C51 COMPILATION COMPLETE.  0 WARNING(S),  0 ERROR(S)
